<?xml version="1.0" encoding="UTF-8"?>
<!-- Generated by org.testng.reporters.JUnitReportReporter -->
<testsuite skipped="0" hostname="LAPTOP-J8DDP84R" name="TestRunner" tests="1" failures="0" timestamp="2022-06-07T00:07:43 EDT" time="11.934" errors="0">
  <testcase name="runScenario" time="11.934" classname="TestRunner"/>
  <system-out/>
</testsuite> <!-- TestRunner -->
